[ 2016-07-14T14:24:39+08:00 ] ::1 /shagalaka/
INFO: [ app_init ] --START--
INFO: Run Behavior\BuildLiteBehavior [ RunTime:0.000011s ]
INFO: [ app_init ] --END-- [ RunTime:0.000066s ]
INFO: [ app_begin ] --START--
INFO: Run Behavior\ReadHtmlCacheBehavior [ RunTime:0.000409s ]
INFO: [ app_begin ] --END-- [ RunTime:0.000441s ]
INFO: [ view_parse ] --START--
INFO: [ template_filter ] --START--
INFO: Run Behavior\ContentReplaceBehavior [ RunTime:0.020952s ]
INFO: [ template_filter ] --END-- [ RunTime:0.021019s ]
INFO: Run Behavior\ParseTemplateBehavior [ RunTime:0.030466s ]
INFO: [ view_parse ] --END-- [ RunTime:0.030514s ]
INFO: [ view_filter ] --START--
INFO: Run Behavior\WriteHtmlCacheBehavior [ RunTime:0.000209s ]
INFO: [ view_filter ] --END-- [ RunTime:0.000234s ]
INFO: [ app_end ] --START--
INFO: Run Behavior\ShowPageTraceBehavior [ RunTime:0.000344s ]
INFO: [ app_end ] --END-- [ RunTime:0.000372s ]

[ 2016-07-14T14:32:35+08:00 ] ::1 /shagalaka/
INFO: [ app_init ] --START--
INFO: Run Behavior\BuildLiteBehavior [ RunTime:0.000011s ]
INFO: [ app_init ] --END-- [ RunTime:0.000352s ]
INFO: [ app_begin ] --START--
INFO: Run Behavior\ReadHtmlCacheBehavior [ RunTime:0.000421s ]
INFO: [ app_begin ] --END-- [ RunTime:0.000488s ]
INFO: [ app_end ] --START--
INFO: Run Behavior\ShowPageTraceBehavior [ RunTime:0.000471s ]
INFO: [ app_end ] --END-- [ RunTime:0.000508s ]

[ 2016-07-14T14:48:32+08:00 ] ::1 /shagalaka/
INFO: [ app_init ] --START--
INFO: Run Behavior\BuildLiteBehavior [ RunTime:0.000010s ]
INFO: [ app_init ] --END-- [ RunTime:0.000286s ]

[ 2016-07-14T14:48:44+08:00 ] ::1 /shagalaka/
INFO: [ app_init ] --START--
INFO: Run Behavior\BuildLiteBehavior [ RunTime:0.000010s ]
INFO: [ app_init ] --END-- [ RunTime:0.000260s ]

[ 2016-07-14T14:48:45+08:00 ] ::1 /shagalaka/
INFO: [ app_init ] --START--
INFO: Run Behavior\BuildLiteBehavior [ RunTime:0.000012s ]
INFO: [ app_init ] --END-- [ RunTime:0.000288s ]

[ 2016-07-14T14:49:09+08:00 ] ::1 /shagalaka/
INFO: [ app_init ] --START--
INFO: Run Behavior\BuildLiteBehavior [ RunTime:0.000014s ]
INFO: [ app_init ] --END-- [ RunTime:0.000331s ]

[ 2016-07-14T14:49:45+08:00 ] ::1 /shagalaka/
INFO: [ app_init ] --START--
INFO: Run Behavior\BuildLiteBehavior [ RunTime:0.000016s ]
INFO: [ app_init ] --END-- [ RunTime:0.000300s ]

[ 2016-07-14T14:49:46+08:00 ] ::1 /shagalaka/
INFO: [ app_init ] --START--
INFO: Run Behavior\BuildLiteBehavior [ RunTime:0.000009s ]
INFO: [ app_init ] --END-- [ RunTime:0.000247s ]

[ 2016-07-14T14:49:46+08:00 ] ::1 /shagalaka/
INFO: [ app_init ] --START--
INFO: Run Behavior\BuildLiteBehavior [ RunTime:0.000016s ]
INFO: [ app_init ] --END-- [ RunTime:0.001795s ]

[ 2016-07-14T14:50:00+08:00 ] ::1 /shagalaka/
INFO: [ app_init ] --START--
INFO: Run Behavior\BuildLiteBehavior [ RunTime:0.000036s ]
INFO: [ app_init ] --END-- [ RunTime:0.000615s ]

[ 2016-07-14T14:50:01+08:00 ] ::1 /shagalaka/
INFO: [ app_init ] --START--
INFO: Run Behavior\BuildLiteBehavior [ RunTime:0.000011s ]
INFO: [ app_init ] --END-- [ RunTime:0.000246s ]

[ 2016-07-14T14:50:01+08:00 ] ::1 /shagalaka/
INFO: [ app_init ] --START--
INFO: Run Behavior\BuildLiteBehavior [ RunTime:0.000010s ]
INFO: [ app_init ] --END-- [ RunTime:0.000238s ]

[ 2016-07-14T14:50:02+08:00 ] ::1 /shagalaka/
INFO: [ app_init ] --START--
INFO: Run Behavior\BuildLiteBehavior [ RunTime:0.000011s ]
INFO: [ app_init ] --END-- [ RunTime:0.000249s ]

[ 2016-07-14T14:50:02+08:00 ] ::1 /shagalaka/
INFO: [ app_init ] --START--
INFO: Run Behavior\BuildLiteBehavior [ RunTime:0.000010s ]
INFO: [ app_init ] --END-- [ RunTime:0.000240s ]

[ 2016-07-14T14:50:11+08:00 ] ::1 /shagalaka/
INFO: [ app_init ] --START--
INFO: Run Behavior\BuildLiteBehavior [ RunTime:0.000009s ]
INFO: [ app_init ] --END-- [ RunTime:0.000230s ]

[ 2016-07-14T14:50:12+08:00 ] ::1 /shagalaka/
INFO: [ app_init ] --START--
INFO: Run Behavior\BuildLiteBehavior [ RunTime:0.000009s ]
INFO: [ app_init ] --END-- [ RunTime:0.000243s ]

[ 2016-07-14T14:50:12+08:00 ] ::1 /shagalaka/
INFO: [ app_init ] --START--
INFO: Run Behavior\BuildLiteBehavior [ RunTime:0.000012s ]
INFO: [ app_init ] --END-- [ RunTime:0.000334s ]

[ 2016-07-14T14:50:34+08:00 ] ::1 /shagalaka/
INFO: [ app_init ] --START--
INFO: Run Behavior\BuildLiteBehavior [ RunTime:0.000011s ]
INFO: [ app_init ] --END-- [ RunTime:0.000272s ]

[ 2016-07-14T14:50:38+08:00 ] ::1 /shagalaka/
INFO: [ app_init ] --START--
INFO: Run Behavior\BuildLiteBehavior [ RunTime:0.000029s ]
INFO: [ app_init ] --END-- [ RunTime:0.000315s ]
INFO: [ app_begin ] --START--
INFO: Run Behavior\ReadHtmlCacheBehavior [ RunTime:0.000418s ]
INFO: [ app_begin ] --END-- [ RunTime:0.000454s ]
ERR: 模板不存在:./Application/Home/View/default/Index/index.html

[ 2016-07-14T14:50:57+08:00 ] ::1 /shagalaka/
INFO: [ app_init ] --START--
INFO: Run Behavior\BuildLiteBehavior [ RunTime:0.000079s ]
INFO: [ app_init ] --END-- [ RunTime:0.001887s ]
INFO: [ app_begin ] --START--
INFO: Run Behavior\ReadHtmlCacheBehavior [ RunTime:0.000341s ]
INFO: [ app_begin ] --END-- [ RunTime:0.000387s ]
INFO: [ view_parse ] --START--
INFO: [ template_filter ] --START--
INFO: Run Behavior\ContentReplaceBehavior [ RunTime:0.000034s ]
INFO: [ template_filter ] --END-- [ RunTime:0.000079s ]
INFO: Run Behavior\ParseTemplateBehavior [ RunTime:0.024407s ]
INFO: [ view_parse ] --END-- [ RunTime:0.024459s ]
INFO: [ view_filter ] --START--
INFO: Run Behavior\WriteHtmlCacheBehavior [ RunTime:0.000208s ]
INFO: [ view_filter ] --END-- [ RunTime:0.000232s ]
INFO: [ app_end ] --START--
INFO: Run Behavior\ShowPageTraceBehavior [ RunTime:0.000335s ]
INFO: [ app_end ] --END-- [ RunTime:0.000362s ]

[ 2016-07-14T14:52:25+08:00 ] ::1 /shagalaka/
INFO: [ app_init ] --START--
INFO: Run Behavior\BuildLiteBehavior [ RunTime:0.000011s ]
INFO: [ app_init ] --END-- [ RunTime:0.000512s ]
INFO: [ app_begin ] --START--
INFO: Run Behavior\ReadHtmlCacheBehavior [ RunTime:0.000309s ]
INFO: [ app_begin ] --END-- [ RunTime:0.000343s ]
INFO: [ view_parse ] --START--
INFO: [ template_filter ] --START--
INFO: Run Behavior\ContentReplaceBehavior [ RunTime:0.000024s ]
INFO: [ template_filter ] --END-- [ RunTime:0.000056s ]
INFO: Run Behavior\ParseTemplateBehavior [ RunTime:0.002811s ]
INFO: [ view_parse ] --END-- [ RunTime:0.002845s ]
INFO: [ view_filter ] --START--
INFO: Run Behavior\WriteHtmlCacheBehavior [ RunTime:0.000137s ]
INFO: [ view_filter ] --END-- [ RunTime:0.000158s ]
INFO: [ app_end ] --START--
INFO: Run Behavior\ShowPageTraceBehavior [ RunTime:0.000276s ]
INFO: [ app_end ] --END-- [ RunTime:0.000300s ]

[ 2016-07-14T14:52:37+08:00 ] ::1 /shagalaka/
INFO: [ app_init ] --START--
INFO: Run Behavior\BuildLiteBehavior [ RunTime:0.000009s ]
INFO: [ app_init ] --END-- [ RunTime:0.000262s ]
INFO: [ app_begin ] --START--
INFO: Run Behavior\ReadHtmlCacheBehavior [ RunTime:0.000269s ]
INFO: [ app_begin ] --END-- [ RunTime:0.000302s ]
INFO: [ view_parse ] --START--
INFO: [ template_filter ] --START--
INFO: Run Behavior\ContentReplaceBehavior [ RunTime:0.000021s ]
INFO: [ template_filter ] --END-- [ RunTime:0.000049s ]
INFO: Run Behavior\ParseTemplateBehavior [ RunTime:0.002664s ]
INFO: [ view_parse ] --END-- [ RunTime:0.002724s ]
INFO: [ view_filter ] --START--
INFO: Run Behavior\WriteHtmlCacheBehavior [ RunTime:0.000169s ]
INFO: [ view_filter ] --END-- [ RunTime:0.000192s ]
INFO: [ app_end ] --START--
INFO: Run Behavior\ShowPageTraceBehavior [ RunTime:0.000306s ]
INFO: [ app_end ] --END-- [ RunTime:0.000333s ]

[ 2016-07-14T14:52:45+08:00 ] ::1 /shagalaka/
INFO: [ app_init ] --START--
INFO: Run Behavior\BuildLiteBehavior [ RunTime:0.000009s ]
INFO: [ app_init ] --END-- [ RunTime:0.000233s ]
INFO: [ app_begin ] --START--
INFO: Run Behavior\ReadHtmlCacheBehavior [ RunTime:0.000316s ]
INFO: [ app_begin ] --END-- [ RunTime:0.000353s ]
NOTIC: [8] Undefined index: secretKey D:\WWW\shagalaka\ThinkPHP\Library\Think\Upload\Driver\Qiniu\QiniuStorage.class.php 第 12 行.
NOTIC: [2] call_user_func() expects parameter 1 to be a valid callback, no array or string given D:\WWW\shagalaka\ThinkPHP\Library\Think\Upload.class.php 第 170 行.
NOTIC: [8] Undefined index: Expires D:\WWW\shagalaka\ThinkPHP\Library\Think\Upload\Driver\Qiniu\QiniuStorage.class.php 第 45 行.
NOTIC: [8] Undefined index: saveName D:\WWW\shagalaka\ThinkPHP\Library\Think\Upload\Driver\Qiniu\QiniuStorage.class.php 第 80 行.
NOTIC: [8] Undefined index: custom_fields D:\WWW\shagalaka\ThinkPHP\Library\Think\Upload\Driver\Qiniu\QiniuStorage.class.php 第 83 行.

[ 2016-07-14T15:13:05+08:00 ] ::1 /shagalaka/
INFO: [ app_init ] --START--
INFO: Run Behavior\BuildLiteBehavior [ RunTime:0.000008s ]
INFO: [ app_init ] --END-- [ RunTime:0.000272s ]
INFO: [ app_begin ] --START--
INFO: Run Behavior\ReadHtmlCacheBehavior [ RunTime:0.000300s ]
INFO: [ app_begin ] --END-- [ RunTime:0.000333s ]
NOTIC: [8] Undefined index: secretKey D:\WWW\shagalaka\ThinkPHP\Library\Think\Upload\Driver\Qiniu\QiniuStorage.class.php 第 12 行.
NOTIC: [2] call_user_func() expects parameter 1 to be a valid callback, no array or string given D:\WWW\shagalaka\ThinkPHP\Library\Think\Upload.class.php 第 170 行.
NOTIC: [8] Undefined index: Expires D:\WWW\shagalaka\ThinkPHP\Library\Think\Upload\Driver\Qiniu\QiniuStorage.class.php 第 45 行.
NOTIC: [8] Undefined index: saveName D:\WWW\shagalaka\ThinkPHP\Library\Think\Upload\Driver\Qiniu\QiniuStorage.class.php 第 80 行.
NOTIC: [8] Undefined index: custom_fields D:\WWW\shagalaka\ThinkPHP\Library\Think\Upload\Driver\Qiniu\QiniuStorage.class.php 第 83 行.

[ 2016-07-14T15:15:24+08:00 ] ::1 /shagalaka/
INFO: [ app_init ] --START--
INFO: Run Behavior\BuildLiteBehavior [ RunTime:0.000010s ]
INFO: [ app_init ] --END-- [ RunTime:0.000267s ]
INFO: [ app_begin ] --START--
INFO: Run Behavior\ReadHtmlCacheBehavior [ RunTime:0.000295s ]
INFO: [ app_begin ] --END-- [ RunTime:0.000329s ]
NOTIC: [8] Undefined index: secretKey D:\WWW\shagalaka\ThinkPHP\Library\Think\Upload\Driver\Qiniu\QiniuStorage.class.php 第 12 行.
NOTIC: [2] call_user_func() expects parameter 1 to be a valid callback, no array or string given D:\WWW\shagalaka\ThinkPHP\Library\Think\Upload.class.php 第 170 行.
NOTIC: [8] Undefined index: Expires D:\WWW\shagalaka\ThinkPHP\Library\Think\Upload\Driver\Qiniu\QiniuStorage.class.php 第 45 行.
NOTIC: [8] Undefined index: saveName D:\WWW\shagalaka\ThinkPHP\Library\Think\Upload\Driver\Qiniu\QiniuStorage.class.php 第 80 行.
NOTIC: [8] Undefined index: custom_fields D:\WWW\shagalaka\ThinkPHP\Library\Think\Upload\Driver\Qiniu\QiniuStorage.class.php 第 83 行.

[ 2016-07-14T15:25:44+08:00 ] ::1 /shagalaka/
INFO: [ app_init ] --START--
INFO: Run Behavior\BuildLiteBehavior [ RunTime:0.000009s ]
INFO: [ app_init ] --END-- [ RunTime:0.000293s ]
INFO: [ app_begin ] --START--
INFO: Run Behavior\ReadHtmlCacheBehavior [ RunTime:0.000306s ]
INFO: [ app_begin ] --END-- [ RunTime:0.000339s ]
NOTIC: [8] Undefined index: secretKey D:\WWW\shagalaka\ThinkPHP\Library\Think\Upload\Driver\Qiniu\QiniuStorage.class.php 第 12 行.
NOTIC: [2] call_user_func() expects parameter 1 to be a valid callback, no array or string given D:\WWW\shagalaka\ThinkPHP\Library\Think\Upload.class.php 第 170 行.
NOTIC: [8] Undefined index: Expires D:\WWW\shagalaka\ThinkPHP\Library\Think\Upload\Driver\Qiniu\QiniuStorage.class.php 第 45 行.
NOTIC: [8] Undefined index: saveName D:\WWW\shagalaka\ThinkPHP\Library\Think\Upload\Driver\Qiniu\QiniuStorage.class.php 第 80 行.
NOTIC: [8] Undefined index: custom_fields D:\WWW\shagalaka\ThinkPHP\Library\Think\Upload\Driver\Qiniu\QiniuStorage.class.php 第 83 行.

[ 2016-07-14T15:32:39+08:00 ] ::1 /shagalaka/
INFO: [ app_init ] --START--
INFO: Run Behavior\BuildLiteBehavior [ RunTime:0.000010s ]
INFO: [ app_init ] --END-- [ RunTime:0.000289s ]
INFO: [ app_begin ] --START--
INFO: Run Behavior\ReadHtmlCacheBehavior [ RunTime:0.000298s ]
INFO: [ app_begin ] --END-- [ RunTime:0.000332s ]
NOTIC: [8] Undefined index: secretKey D:\WWW\shagalaka\ThinkPHP\Library\Think\Upload\Driver\Qiniu\QiniuStorage.class.php 第 12 行.
NOTIC: [2] call_user_func() expects parameter 1 to be a valid callback, no array or string given D:\WWW\shagalaka\ThinkPHP\Library\Think\Upload.class.php 第 170 行.
NOTIC: [8] Undefined index: Expires D:\WWW\shagalaka\ThinkPHP\Library\Think\Upload\Driver\Qiniu\QiniuStorage.class.php 第 45 行.
NOTIC: [8] Undefined index: saveName D:\WWW\shagalaka\ThinkPHP\Library\Think\Upload\Driver\Qiniu\QiniuStorage.class.php 第 80 行.
NOTIC: [8] Undefined index: custom_fields D:\WWW\shagalaka\ThinkPHP\Library\Think\Upload\Driver\Qiniu\QiniuStorage.class.php 第 83 行.

[ 2016-07-14T15:45:57+08:00 ] ::1 /shagalaka/
INFO: [ app_init ] --START--
INFO: Run Behavior\BuildLiteBehavior [ RunTime:0.000008s ]
INFO: [ app_init ] --END-- [ RunTime:0.000266s ]

[ 2016-07-14T15:46:10+08:00 ] ::1 /shagalaka/
INFO: [ app_init ] --START--
INFO: Run Behavior\BuildLiteBehavior [ RunTime:0.000010s ]
INFO: [ app_init ] --END-- [ RunTime:0.000231s ]

[ 2016-07-14T15:46:20+08:00 ] ::1 /shagalaka/
INFO: [ app_init ] --START--
INFO: Run Behavior\BuildLiteBehavior [ RunTime:0.000010s ]
INFO: [ app_init ] --END-- [ RunTime:0.000233s ]
INFO: [ app_begin ] --START--
INFO: Run Behavior\ReadHtmlCacheBehavior [ RunTime:0.000320s ]
INFO: [ app_begin ] --END-- [ RunTime:0.000353s ]
NOTIC: [8] Undefined index: secretKey D:\WWW\shagalaka\ThinkPHP\Library\Think\Upload\Driver\Qiniu\QiniuStorage.class.php 第 12 行.
NOTIC: [2] call_user_func() expects parameter 1 to be a valid callback, no array or string given D:\WWW\shagalaka\ThinkPHP\Library\Think\Upload.class.php 第 170 行.
NOTIC: [8] Undefined index: Expires D:\WWW\shagalaka\ThinkPHP\Library\Think\Upload\Driver\Qiniu\QiniuStorage.class.php 第 45 行.
NOTIC: [8] Undefined index: saveName D:\WWW\shagalaka\ThinkPHP\Library\Think\Upload\Driver\Qiniu\QiniuStorage.class.php 第 80 行.
NOTIC: [8] Undefined index: custom_fields D:\WWW\shagalaka\ThinkPHP\Library\Think\Upload\Driver\Qiniu\QiniuStorage.class.php 第 83 行.

[ 2016-07-14T15:47:38+08:00 ] ::1 /shagalaka/
INFO: [ app_init ] --START--
INFO: Run Behavior\BuildLiteBehavior [ RunTime:0.000008s ]
INFO: [ app_init ] --END-- [ RunTime:0.000234s ]
INFO: [ app_begin ] --START--
INFO: Run Behavior\ReadHtmlCacheBehavior [ RunTime:0.000277s ]
INFO: [ app_begin ] --END-- [ RunTime:0.000309s ]
NOTIC: [8] Undefined index: secretKey D:\WWW\shagalaka\ThinkPHP\Library\Think\Upload\Driver\Qiniu\QiniuStorage.class.php 第 12 行.

[ 2016-07-14T15:48:59+08:00 ] ::1 /shagalaka/
INFO: [ app_init ] --START--
INFO: Run Behavior\BuildLiteBehavior [ RunTime:0.000009s ]
INFO: [ app_init ] --END-- [ RunTime:0.000294s ]
INFO: [ app_begin ] --START--
INFO: Run Behavior\ReadHtmlCacheBehavior [ RunTime:0.000319s ]
INFO: [ app_begin ] --END-- [ RunTime:0.000354s ]
NOTIC: [8] Undefined index: secretKey D:\WWW\shagalaka\ThinkPHP\Library\Think\Upload\Driver\Qiniu\QiniuStorage.class.php 第 12 行.
NOTIC: [2] call_user_func() expects parameter 1 to be a valid callback, no array or string given D:\WWW\shagalaka\ThinkPHP\Library\Think\Upload.class.php 第 170 行.
NOTIC: [8] Undefined index: Expires D:\WWW\shagalaka\ThinkPHP\Library\Think\Upload\Driver\Qiniu\QiniuStorage.class.php 第 45 行.
NOTIC: [8] Undefined index: saveName D:\WWW\shagalaka\ThinkPHP\Library\Think\Upload\Driver\Qiniu\QiniuStorage.class.php 第 80 行.
NOTIC: [8] Undefined index: custom_fields D:\WWW\shagalaka\ThinkPHP\Library\Think\Upload\Driver\Qiniu\QiniuStorage.class.php 第 83 行.

[ 2016-07-14T15:51:24+08:00 ] ::1 /shagalaka/
INFO: [ app_init ] --START--
INFO: Run Behavior\BuildLiteBehavior [ RunTime:0.000010s ]
INFO: [ app_init ] --END-- [ RunTime:0.000290s ]
INFO: [ app_begin ] --START--
INFO: Run Behavior\ReadHtmlCacheBehavior [ RunTime:0.000311s ]
INFO: [ app_begin ] --END-- [ RunTime:0.000346s ]
NOTIC: [8] Undefined index: secretKey D:\WWW\shagalaka\ThinkPHP\Library\Think\Upload\Driver\Qiniu\QiniuStorage.class.php 第 12 行.
NOTIC: [2] call_user_func() expects parameter 1 to be a valid callback, no array or string given D:\WWW\shagalaka\ThinkPHP\Library\Think\Upload.class.php 第 170 行.
NOTIC: [8] getimagesize(): Read error! D:\WWW\shagalaka\ThinkPHP\Library\Think\Upload.class.php 第 199 行.

[ 2016-07-14T15:51:27+08:00 ] ::1 /shagalaka/
INFO: [ app_init ] --START--
INFO: Run Behavior\BuildLiteBehavior [ RunTime:0.000011s ]
INFO: [ app_init ] --END-- [ RunTime:0.000247s ]
INFO: [ app_begin ] --START--
INFO: Run Behavior\ReadHtmlCacheBehavior [ RunTime:0.000283s ]
INFO: [ app_begin ] --END-- [ RunTime:0.000318s ]
INFO: [ view_parse ] --START--
INFO: [ template_filter ] --START--
INFO: Run Behavior\ContentReplaceBehavior [ RunTime:0.000035s ]
INFO: [ template_filter ] --END-- [ RunTime:0.000081s ]
INFO: Run Behavior\ParseTemplateBehavior [ RunTime:0.009599s ]
INFO: [ view_parse ] --END-- [ RunTime:0.009634s ]
INFO: [ view_filter ] --START--
INFO: Run Behavior\WriteHtmlCacheBehavior [ RunTime:0.000194s ]
INFO: [ view_filter ] --END-- [ RunTime:0.000219s ]
INFO: [ app_end ] --START--
INFO: Run Behavior\ShowPageTraceBehavior [ RunTime:0.000338s ]
INFO: [ app_end ] --END-- [ RunTime:0.000364s ]

[ 2016-07-14T15:51:31+08:00 ] ::1 /shagalaka/
INFO: [ app_init ] --START--
INFO: Run Behavior\BuildLiteBehavior [ RunTime:0.000010s ]
INFO: [ app_init ] --END-- [ RunTime:0.000230s ]
INFO: [ app_begin ] --START--
INFO: Run Behavior\ReadHtmlCacheBehavior [ RunTime:0.000265s ]
INFO: [ app_begin ] --END-- [ RunTime:0.000298s ]
NOTIC: [8] Undefined index: secretKey D:\WWW\shagalaka\ThinkPHP\Library\Think\Upload\Driver\Qiniu\QiniuStorage.class.php 第 12 行.
NOTIC: [2] call_user_func() expects parameter 1 to be a valid callback, no array or string given D:\WWW\shagalaka\ThinkPHP\Library\Think\Upload.class.php 第 170 行.
NOTIC: [8] Undefined index: Expires D:\WWW\shagalaka\ThinkPHP\Library\Think\Upload\Driver\Qiniu\QiniuStorage.class.php 第 45 行.
NOTIC: [8] Undefined index: saveName D:\WWW\shagalaka\ThinkPHP\Library\Think\Upload\Driver\Qiniu\QiniuStorage.class.php 第 80 行.
NOTIC: [8] Undefined index: custom_fields D:\WWW\shagalaka\ThinkPHP\Library\Think\Upload\Driver\Qiniu\QiniuStorage.class.php 第 83 行.

[ 2016-07-14T15:54:18+08:00 ] ::1 /shagalaka/
INFO: [ app_init ] --START--
INFO: Run Behavior\BuildLiteBehavior [ RunTime:0.000009s ]
INFO: [ app_init ] --END-- [ RunTime:0.000291s ]
INFO: [ app_begin ] --START--
INFO: Run Behavior\ReadHtmlCacheBehavior [ RunTime:0.000343s ]
INFO: [ app_begin ] --END-- [ RunTime:0.000379s ]
NOTIC: [8] Undefined index: secretKey D:\WWW\shagalaka\ThinkPHP\Library\Think\Upload\Driver\Qiniu\QiniuStorage.class.php 第 12 行.
NOTIC: [2] call_user_func() expects parameter 1 to be a valid callback, no array or string given D:\WWW\shagalaka\ThinkPHP\Library\Think\Upload.class.php 第 170 行.
NOTIC: [8] Undefined index: Expires D:\WWW\shagalaka\ThinkPHP\Library\Think\Upload\Driver\Qiniu\QiniuStorage.class.php 第 45 行.
NOTIC: [8] Undefined index: saveName D:\WWW\shagalaka\ThinkPHP\Library\Think\Upload\Driver\Qiniu\QiniuStorage.class.php 第 80 行.
NOTIC: [8] Undefined index: custom_fields D:\WWW\shagalaka\ThinkPHP\Library\Think\Upload\Driver\Qiniu\QiniuStorage.class.php 第 83 行.

[ 2016-07-14T15:55:32+08:00 ] ::1 /shagalaka/
INFO: [ app_init ] --START--
INFO: Run Behavior\BuildLiteBehavior [ RunTime:0.000010s ]
INFO: [ app_init ] --END-- [ RunTime:0.000256s ]
INFO: [ app_begin ] --START--
INFO: Run Behavior\ReadHtmlCacheBehavior [ RunTime:0.000264s ]
INFO: [ app_begin ] --END-- [ RunTime:0.000297s ]
NOTIC: [8] Undefined index: secretKey D:\WWW\shagalaka\ThinkPHP\Library\Think\Upload\Driver\Qiniu\QiniuStorage.class.php 第 12 行.
NOTIC: [2] call_user_func() expects parameter 1 to be a valid callback, no array or string given D:\WWW\shagalaka\ThinkPHP\Library\Think\Upload.class.php 第 170 行.
NOTIC: [8] Undefined index: Expires D:\WWW\shagalaka\ThinkPHP\Library\Think\Upload\Driver\Qiniu\QiniuStorage.class.php 第 45 行.
NOTIC: [8] Undefined index: saveName D:\WWW\shagalaka\ThinkPHP\Library\Think\Upload\Driver\Qiniu\QiniuStorage.class.php 第 80 行.
NOTIC: [8] Undefined index: custom_fields D:\WWW\shagalaka\ThinkPHP\Library\Think\Upload\Driver\Qiniu\QiniuStorage.class.php 第 83 行.

[ 2016-07-14T15:58:38+08:00 ] ::1 /shagalaka/
INFO: [ app_init ] --START--
INFO: Run Behavior\BuildLiteBehavior [ RunTime:0.000020s ]
INFO: [ app_init ] --END-- [ RunTime:0.000417s ]
INFO: [ app_begin ] --START--
INFO: Run Behavior\ReadHtmlCacheBehavior [ RunTime:0.000329s ]
INFO: [ app_begin ] --END-- [ RunTime:0.000363s ]
NOTIC: [8] Undefined index: secretKey D:\WWW\shagalaka\ThinkPHP\Library\Think\Upload\Driver\Qiniu\QiniuStorage.class.php 第 12 行.
NOTIC: [2] call_user_func() expects parameter 1 to be a valid callback, no array or string given D:\WWW\shagalaka\ThinkPHP\Library\Think\Upload.class.php 第 170 行.
NOTIC: [8] Undefined index: Expires D:\WWW\shagalaka\ThinkPHP\Library\Think\Upload\Driver\Qiniu\QiniuStorage.class.php 第 45 行.
NOTIC: [8] Undefined index: saveName D:\WWW\shagalaka\ThinkPHP\Library\Think\Upload\Driver\Qiniu\QiniuStorage.class.php 第 80 行.
NOTIC: [8] Undefined index: custom_fields D:\WWW\shagalaka\ThinkPHP\Library\Think\Upload\Driver\Qiniu\QiniuStorage.class.php 第 83 行.

[ 2016-07-14T16:02:09+08:00 ] ::1 /shagalaka/
INFO: [ app_init ] --START--
INFO: Run Behavior\BuildLiteBehavior [ RunTime:0.000025s ]
INFO: [ app_init ] --END-- [ RunTime:0.000572s ]
INFO: [ app_begin ] --START--
INFO: Run Behavior\ReadHtmlCacheBehavior [ RunTime:0.000336s ]
INFO: [ app_begin ] --END-- [ RunTime:0.000371s ]
NOTIC: [8] Undefined index: secretKey D:\WWW\shagalaka\ThinkPHP\Library\Think\Upload\Driver\Qiniu\QiniuStorage.class.php 第 12 行.
NOTIC: [2] call_user_func() expects parameter 1 to be a valid callback, no array or string given D:\WWW\shagalaka\ThinkPHP\Library\Think\Upload.class.php 第 170 行.
NOTIC: [8] Undefined index: Expires D:\WWW\shagalaka\ThinkPHP\Library\Think\Upload\Driver\Qiniu\QiniuStorage.class.php 第 45 行.
NOTIC: [8] Undefined index: saveName D:\WWW\shagalaka\ThinkPHP\Library\Think\Upload\Driver\Qiniu\QiniuStorage.class.php 第 80 行.
NOTIC: [8] Undefined index: custom_fields D:\WWW\shagalaka\ThinkPHP\Library\Think\Upload\Driver\Qiniu\QiniuStorage.class.php 第 83 行.

[ 2016-07-14T16:10:41+08:00 ] ::1 /shagalaka/
INFO: [ app_init ] --START--
INFO: Run Behavior\BuildLiteBehavior [ RunTime:0.000009s ]
INFO: [ app_init ] --END-- [ RunTime:0.000289s ]
INFO: [ app_begin ] --START--
INFO: Run Behavior\ReadHtmlCacheBehavior [ RunTime:0.000303s ]
INFO: [ app_begin ] --END-- [ RunTime:0.000338s ]
NOTIC: [8] Undefined index: secretKey D:\WWW\shagalaka\ThinkPHP\Library\Think\Upload\Driver\Qiniu\QiniuStorage.class.php 第 12 行.
NOTIC: [2] call_user_func() expects parameter 1 to be a valid callback, no array or string given D:\WWW\shagalaka\ThinkPHP\Library\Think\Upload.class.php 第 170 行.
NOTIC: [8] Undefined index: Expires D:\WWW\shagalaka\ThinkPHP\Library\Think\Upload\Driver\Qiniu\QiniuStorage.class.php 第 45 行.
NOTIC: [8] Undefined index: saveName D:\WWW\shagalaka\ThinkPHP\Library\Think\Upload\Driver\Qiniu\QiniuStorage.class.php 第 80 行.
NOTIC: [8] Undefined index: custom_fields D:\WWW\shagalaka\ThinkPHP\Library\Think\Upload\Driver\Qiniu\QiniuStorage.class.php 第 83 行.

[ 2016-07-14T16:12:09+08:00 ] ::1 /shagalaka/
INFO: [ app_init ] --START--
INFO: Run Behavior\BuildLiteBehavior [ RunTime:0.000009s ]
INFO: [ app_init ] --END-- [ RunTime:0.000242s ]
INFO: [ app_begin ] --START--
INFO: Run Behavior\ReadHtmlCacheBehavior [ RunTime:0.000292s ]
INFO: [ app_begin ] --END-- [ RunTime:0.000325s ]
NOTIC: [8] Undefined index: secretKey D:\WWW\shagalaka\ThinkPHP\Library\Think\Upload\Driver\Qiniu\QiniuStorage.class.php 第 12 行.
NOTIC: [2] call_user_func() expects parameter 1 to be a valid callback, no array or string given D:\WWW\shagalaka\ThinkPHP\Library\Think\Upload.class.php 第 170 行.
NOTIC: [8] Undefined index: Expires D:\WWW\shagalaka\ThinkPHP\Library\Think\Upload\Driver\Qiniu\QiniuStorage.class.php 第 45 行.
NOTIC: [8] Undefined index: saveName D:\WWW\shagalaka\ThinkPHP\Library\Think\Upload\Driver\Qiniu\QiniuStorage.class.php 第 80 行.
NOTIC: [8] Undefined index: custom_fields D:\WWW\shagalaka\ThinkPHP\Library\Think\Upload\Driver\Qiniu\QiniuStorage.class.php 第 83 行.

[ 2016-07-14T16:13:58+08:00 ] ::1 /shagalaka/
INFO: [ app_init ] --START--
INFO: Run Behavior\BuildLiteBehavior [ RunTime:0.000008s ]
INFO: [ app_init ] --END-- [ RunTime:0.000261s ]
INFO: [ app_begin ] --START--
INFO: Run Behavior\ReadHtmlCacheBehavior [ RunTime:0.000438s ]
INFO: [ app_begin ] --END-- [ RunTime:0.000475s ]
NOTIC: [8] Undefined index: secretKey D:\WWW\shagalaka\ThinkPHP\Library\Think\Upload\Driver\Qiniu\QiniuStorage.class.php 第 12 行.
NOTIC: [2] call_user_func() expects parameter 1 to be a valid callback, no array or string given D:\WWW\shagalaka\ThinkPHP\Library\Think\Upload.class.php 第 170 行.
NOTIC: [8] Undefined index: Expires D:\WWW\shagalaka\ThinkPHP\Library\Think\Upload\Driver\Qiniu\QiniuStorage.class.php 第 45 行.
NOTIC: [8] Undefined index: saveName D:\WWW\shagalaka\ThinkPHP\Library\Think\Upload\Driver\Qiniu\QiniuStorage.class.php 第 80 行.
NOTIC: [8] Undefined index: custom_fields D:\WWW\shagalaka\ThinkPHP\Library\Think\Upload\Driver\Qiniu\QiniuStorage.class.php 第 83 行.

[ 2016-07-14T16:14:21+08:00 ] ::1 /shagalaka/
INFO: [ app_init ] --START--
INFO: Run Behavior\BuildLiteBehavior [ RunTime:0.000011s ]
INFO: [ app_init ] --END-- [ RunTime:0.000285s ]
INFO: [ app_begin ] --START--
INFO: Run Behavior\ReadHtmlCacheBehavior [ RunTime:0.000275s ]
INFO: [ app_begin ] --END-- [ RunTime:0.000308s ]
NOTIC: [8] Undefined index: secretKey D:\WWW\shagalaka\ThinkPHP\Library\Think\Upload\Driver\Qiniu\QiniuStorage.class.php 第 12 行.
NOTIC: [2] call_user_func() expects parameter 1 to be a valid callback, no array or string given D:\WWW\shagalaka\ThinkPHP\Library\Think\Upload.class.php 第 170 行.
NOTIC: [8] Undefined index: Expires D:\WWW\shagalaka\ThinkPHP\Library\Think\Upload\Driver\Qiniu\QiniuStorage.class.php 第 45 行.
NOTIC: [8] Undefined index: saveName D:\WWW\shagalaka\ThinkPHP\Library\Think\Upload\Driver\Qiniu\QiniuStorage.class.php 第 80 行.
NOTIC: [8] Undefined index: custom_fields D:\WWW\shagalaka\ThinkPHP\Library\Think\Upload\Driver\Qiniu\QiniuStorage.class.php 第 83 行.

[ 2016-07-14T16:19:23+08:00 ] ::1 /shagalaka/
INFO: [ app_init ] --START--
INFO: Run Behavior\BuildLiteBehavior [ RunTime:0.000008s ]
INFO: [ app_init ] --END-- [ RunTime:0.000272s ]
INFO: [ app_begin ] --START--
INFO: Run Behavior\ReadHtmlCacheBehavior [ RunTime:0.000296s ]
INFO: [ app_begin ] --END-- [ RunTime:0.000329s ]

[ 2016-07-14T16:21:05+08:00 ] ::1 /shagalaka/
INFO: [ app_init ] --START--
INFO: Run Behavior\BuildLiteBehavior [ RunTime:0.000008s ]
INFO: [ app_init ] --END-- [ RunTime:0.000229s ]
INFO: [ app_begin ] --START--
INFO: Run Behavior\ReadHtmlCacheBehavior [ RunTime:0.000269s ]
INFO: [ app_begin ] --END-- [ RunTime:0.000301s ]
NOTIC: [8] Undefined index: secretKey D:\WWW\shagalaka\ThinkPHP\Library\Think\Upload\Driver\Qiniu\QiniuStorage.class.php 第 12 行.
NOTIC: [2] call_user_func() expects parameter 1 to be a valid callback, no array or string given D:\WWW\shagalaka\ThinkPHP\Library\Think\Upload.class.php 第 170 行.
NOTIC: [8] Undefined index: Expires D:\WWW\shagalaka\ThinkPHP\Library\Think\Upload\Driver\Qiniu\QiniuStorage.class.php 第 45 行.
NOTIC: [8] Undefined index: saveName D:\WWW\shagalaka\ThinkPHP\Library\Think\Upload\Driver\Qiniu\QiniuStorage.class.php 第 80 行.
NOTIC: [8] Undefined index: custom_fields D:\WWW\shagalaka\ThinkPHP\Library\Think\Upload\Driver\Qiniu\QiniuStorage.class.php 第 83 行.

[ 2016-07-14T16:21:22+08:00 ] ::1 /shagalaka/
INFO: [ app_init ] --START--
INFO: Run Behavior\BuildLiteBehavior [ RunTime:0.000011s ]
INFO: [ app_init ] --END-- [ RunTime:0.000263s ]
INFO: [ app_begin ] --START--
INFO: Run Behavior\ReadHtmlCacheBehavior [ RunTime:0.000321s ]
INFO: [ app_begin ] --END-- [ RunTime:0.000378s ]

[ 2016-07-14T16:23:49+08:00 ] ::1 /shagalaka/
INFO: [ app_init ] --START--
INFO: Run Behavior\BuildLiteBehavior [ RunTime:0.000009s ]
INFO: [ app_init ] --END-- [ RunTime:0.000269s ]
INFO: [ app_begin ] --START--
INFO: Run Behavior\ReadHtmlCacheBehavior [ RunTime:0.000299s ]
INFO: [ app_begin ] --END-- [ RunTime:0.000333s ]
NOTIC: [8] Undefined variable: _FILE D:\WWW\shagalaka\Application\Home\Controller\IndexController.class.php 第 35 行.
NOTIC: [2] fopen(): Filename cannot be empty D:\WWW\shagalaka\ThinkPHP\Library\Vendor\qiniu\src\Qiniu\Storage\UploadManager.php 第 89 行.
ERR: file can not open

[ 2016-07-14T16:25:12+08:00 ] ::1 /shagalaka/
INFO: [ app_init ] --START--
INFO: Run Behavior\BuildLiteBehavior [ RunTime:0.000010s ]
INFO: [ app_init ] --END-- [ RunTime:0.000233s ]
INFO: [ app_begin ] --START--
INFO: Run Behavior\ReadHtmlCacheBehavior [ RunTime:0.000266s ]
INFO: [ app_begin ] --END-- [ RunTime:0.000298s ]
NOTIC: [8] Undefined variable: _FILE D:\WWW\shagalaka\Application\Home\Controller\IndexController.class.php 第 35 行.
NOTIC: [2] fopen(): Filename cannot be empty D:\WWW\shagalaka\ThinkPHP\Library\Vendor\qiniu\src\Qiniu\Storage\UploadManager.php 第 89 行.
ERR: file can not open

[ 2016-07-14T16:25:35+08:00 ] ::1 /shagalaka/
INFO: [ app_init ] --START--
INFO: Run Behavior\BuildLiteBehavior [ RunTime:0.000011s ]
INFO: [ app_init ] --END-- [ RunTime:0.000289s ]
INFO: [ app_begin ] --START--
INFO: Run Behavior\ReadHtmlCacheBehavior [ RunTime:0.000300s ]
INFO: [ app_begin ] --END-- [ RunTime:0.000334s ]
NOTIC: [2] fopen(20150714175013_UZ8VF.jpeg): failed to open stream: No such file or directory D:\WWW\shagalaka\ThinkPHP\Library\Vendor\qiniu\src\Qiniu\Storage\UploadManager.php 第 89 行.
ERR: file can not open

[ 2016-07-14T16:27:12+08:00 ] ::1 /shagalaka/
INFO: [ app_init ] --START--
INFO: Run Behavior\BuildLiteBehavior [ RunTime:0.000009s ]
INFO: [ app_init ] --END-- [ RunTime:0.000274s ]
INFO: [ app_begin ] --START--
INFO: Run Behavior\ReadHtmlCacheBehavior [ RunTime:0.000300s ]
INFO: [ app_begin ] --END-- [ RunTime:0.000334s ]

[ 2016-07-14T16:34:54+08:00 ] ::1 /shagalaka/
INFO: [ app_init ] --START--
INFO: Run Behavior\BuildLiteBehavior [ RunTime:0.000010s ]
INFO: [ app_init ] --END-- [ RunTime:0.000289s ]
INFO: [ app_begin ] --START--
INFO: Run Behavior\ReadHtmlCacheBehavior [ RunTime:0.000301s ]
INFO: [ app_begin ] --END-- [ RunTime:0.000337s ]
NOTIC: [8] Undefined index: secretKey D:\WWW\shagalaka\ThinkPHP\Library\Think\Upload\Driver\Qiniu\QiniuStorage.class.php 第 12 行.
NOTIC: [2] call_user_func() expects parameter 1 to be a valid callback, no array or string given D:\WWW\shagalaka\ThinkPHP\Library\Think\Upload.class.php 第 170 行.
NOTIC: [8] Undefined index: Expires D:\WWW\shagalaka\ThinkPHP\Library\Think\Upload\Driver\Qiniu\QiniuStorage.class.php 第 45 行.
NOTIC: [8] Undefined index: saveName D:\WWW\shagalaka\ThinkPHP\Library\Think\Upload\Driver\Qiniu\QiniuStorage.class.php 第 80 行.
NOTIC: [8] Undefined index: custom_fields D:\WWW\shagalaka\ThinkPHP\Library\Think\Upload\Driver\Qiniu\QiniuStorage.class.php 第 83 行.

[ 2016-07-14T16:35:18+08:00 ] ::1 /shagalaka/
INFO: [ app_init ] --START--
INFO: Run Behavior\BuildLiteBehavior [ RunTime:0.000008s ]
INFO: [ app_init ] --END-- [ RunTime:0.000221s ]
INFO: [ app_begin ] --START--
INFO: Run Behavior\ReadHtmlCacheBehavior [ RunTime:0.000404s ]
INFO: [ app_begin ] --END-- [ RunTime:0.000475s ]
NOTIC: [8] Undefined index: secretKey D:\WWW\shagalaka\ThinkPHP\Library\Think\Upload\Driver\Qiniu\QiniuStorage.class.php 第 12 行.
NOTIC: [2] call_user_func() expects parameter 1 to be a valid callback, no array or string given D:\WWW\shagalaka\ThinkPHP\Library\Think\Upload.class.php 第 170 行.

[ 2016-07-14T16:35:33+08:00 ] ::1 /shagalaka/
INFO: [ app_init ] --START--
INFO: Run Behavior\BuildLiteBehavior [ RunTime:0.000008s ]
INFO: [ app_init ] --END-- [ RunTime:0.000223s ]
INFO: [ app_begin ] --START--
INFO: Run Behavior\ReadHtmlCacheBehavior [ RunTime:0.000267s ]
INFO: [ app_begin ] --END-- [ RunTime:0.000304s ]
NOTIC: [8] Undefined index: secretKey D:\WWW\shagalaka\ThinkPHP\Library\Think\Upload\Driver\Qiniu\QiniuStorage.class.php 第 12 行.
NOTIC: [2] call_user_func() expects parameter 1 to be a valid callback, no array or string given D:\WWW\shagalaka\ThinkPHP\Library\Think\Upload.class.php 第 170 行.

[ 2016-07-14T16:36:24+08:00 ] ::1 /shagalaka/
INFO: [ app_init ] --START--
INFO: Run Behavior\BuildLiteBehavior [ RunTime:0.000010s ]
INFO: [ app_init ] --END-- [ RunTime:0.000432s ]
INFO: [ app_begin ] --START--
INFO: Run Behavior\ReadHtmlCacheBehavior [ RunTime:0.000300s ]
INFO: [ app_begin ] --END-- [ RunTime:0.000335s ]
NOTIC: [8] Undefined index: secretKey D:\WWW\shagalaka\ThinkPHP\Library\Think\Upload\Driver\Qiniu\QiniuStorage.class.php 第 12 行.
NOTIC: [2] call_user_func() expects parameter 1 to be a valid callback, no array or string given D:\WWW\shagalaka\ThinkPHP\Library\Think\Upload.class.php 第 170 行.

[ 2016-07-14T16:36:41+08:00 ] ::1 /shagalaka/
INFO: [ app_init ] --START--
INFO: Run Behavior\BuildLiteBehavior [ RunTime:0.000009s ]
INFO: [ app_init ] --END-- [ RunTime:0.000223s ]
INFO: [ app_begin ] --START--
INFO: Run Behavior\ReadHtmlCacheBehavior [ RunTime:0.000258s ]
INFO: [ app_begin ] --END-- [ RunTime:0.000290s ]
NOTIC: [8] Undefined index: secretKey D:\WWW\shagalaka\ThinkPHP\Library\Think\Upload\Driver\Qiniu\QiniuStorage.class.php 第 12 行.
NOTIC: [2] call_user_func() expects parameter 1 to be a valid callback, no array or string given D:\WWW\shagalaka\ThinkPHP\Library\Think\Upload.class.php 第 170 行.

[ 2016-07-14T16:37:49+08:00 ] ::1 /shagalaka/
INFO: [ app_init ] --START--
INFO: Run Behavior\BuildLiteBehavior [ RunTime:0.000010s ]
INFO: [ app_init ] --END-- [ RunTime:0.000263s ]
INFO: [ app_begin ] --START--
INFO: Run Behavior\ReadHtmlCacheBehavior [ RunTime:0.000303s ]
INFO: [ app_begin ] --END-- [ RunTime:0.000337s ]

[ 2016-07-14T16:38:16+08:00 ] ::1 /shagalaka/
INFO: [ app_init ] --START--
INFO: Run Behavior\BuildLiteBehavior [ RunTime:0.000007s ]
INFO: [ app_init ] --END-- [ RunTime:0.000222s ]
INFO: [ app_begin ] --START--
INFO: Run Behavior\ReadHtmlCacheBehavior [ RunTime:0.000257s ]
INFO: [ app_begin ] --END-- [ RunTime:0.000290s ]

[ 2016-07-14T16:38:51+08:00 ] ::1 /shagalaka/
INFO: [ app_init ] --START--
INFO: Run Behavior\BuildLiteBehavior [ RunTime:0.000009s ]
INFO: [ app_init ] --END-- [ RunTime:0.000228s ]
INFO: [ app_begin ] --START--
INFO: Run Behavior\ReadHtmlCacheBehavior [ RunTime:0.000259s ]
INFO: [ app_begin ] --END-- [ RunTime:0.000293s ]
NOTIC: [8] Undefined index: secretKey D:\WWW\shagalaka\ThinkPHP\Library\Think\Upload\Driver\Qiniu\QiniuStorage.class.php 第 12 行.
NOTIC: [2] call_user_func() expects parameter 1 to be a valid callback, no array or string given D:\WWW\shagalaka\ThinkPHP\Library\Think\Upload.class.php 第 170 行.
NOTIC: [8] Undefined index: Expires D:\WWW\shagalaka\ThinkPHP\Library\Think\Upload\Driver\Qiniu\QiniuStorage.class.php 第 45 行.

[ 2016-07-14T16:43:52+08:00 ] ::1 /shagalaka/
INFO: [ app_init ] --START--
INFO: Run Behavior\BuildLiteBehavior [ RunTime:0.000010s ]
INFO: [ app_init ] --END-- [ RunTime:0.000282s ]
INFO: [ app_begin ] --START--
INFO: Run Behavior\ReadHtmlCacheBehavior [ RunTime:0.000307s ]
INFO: [ app_begin ] --END-- [ RunTime:0.000341s ]

[ 2016-07-14T16:48:38+08:00 ] ::1 /shagalaka/
INFO: [ app_init ] --START--
INFO: Run Behavior\BuildLiteBehavior [ RunTime:0.000010s ]
INFO: [ app_init ] --END-- [ RunTime:0.000281s ]
INFO: [ app_begin ] --START--
INFO: Run Behavior\ReadHtmlCacheBehavior [ RunTime:0.000308s ]
INFO: [ app_begin ] --END-- [ RunTime:0.000342s ]
NOTIC: [2] Missing argument 1 for Home\Controller\IndexController::upload(), called in D:\WWW\shagalaka\Application\Home\Controller\IndexController.class.php on line 16 and defined D:\WWW\shagalaka\Application\Home\Controller\IndexController.class.php 第 21 行.
NOTIC: [8] Undefined variable: file D:\WWW\shagalaka\Application\Home\Controller\IndexController.class.php 第 37 行.
NOTIC: [8] Undefined variable: file D:\WWW\shagalaka\Application\Home\Controller\IndexController.class.php 第 40 行.
NOTIC: [2] fopen(): Filename cannot be empty D:\WWW\shagalaka\ThinkPHP\Library\Vendor\qiniu\src\Qiniu\Storage\UploadManager.php 第 89 行.
ERR: file can not open

[ 2016-07-14T16:50:16+08:00 ] ::1 /shagalaka/
INFO: [ app_init ] --START--
INFO: Run Behavior\BuildLiteBehavior [ RunTime:0.000009s ]
INFO: [ app_init ] --END-- [ RunTime:0.000230s ]
INFO: [ app_begin ] --START--
INFO: Run Behavior\ReadHtmlCacheBehavior [ RunTime:0.000261s ]
INFO: [ app_begin ] --END-- [ RunTime:0.000294s ]

[ 2016-07-14T16:50:43+08:00 ] ::1 /shagalaka/
INFO: [ app_init ] --START--
INFO: Run Behavior\BuildLiteBehavior [ RunTime:0.000009s ]
INFO: [ app_init ] --END-- [ RunTime:0.000281s ]
INFO: [ app_begin ] --START--
INFO: Run Behavior\ReadHtmlCacheBehavior [ RunTime:0.000310s ]
INFO: [ app_begin ] --END-- [ RunTime:0.000342s ]

[ 2016-07-14T16:54:42+08:00 ] ::1 /shagalaka/
INFO: [ app_init ] --START--
INFO: Run Behavior\BuildLiteBehavior [ RunTime:0.000012s ]
INFO: [ app_init ] --END-- [ RunTime:0.000418s ]
INFO: [ app_begin ] --START--
INFO: Run Behavior\ReadHtmlCacheBehavior [ RunTime:0.000507s ]
INFO: [ app_begin ] --END-- [ RunTime:0.000553s ]
INFO: [ view_parse ] --START--
INFO: [ template_filter ] --START--
INFO: Run Behavior\ContentReplaceBehavior [ RunTime:0.000041s ]
INFO: [ template_filter ] --END-- [ RunTime:0.000082s ]
INFO: Run Behavior\ParseTemplateBehavior [ RunTime:0.009686s ]
INFO: [ view_parse ] --END-- [ RunTime:0.009740s ]
INFO: [ view_filter ] --START--
INFO: Run Behavior\WriteHtmlCacheBehavior [ RunTime:0.000195s ]
INFO: [ view_filter ] --END-- [ RunTime:0.000220s ]
INFO: [ app_end ] --START--
INFO: Run Behavior\ShowPageTraceBehavior [ RunTime:0.000375s ]
INFO: [ app_end ] --END-- [ RunTime:0.000400s ]

[ 2016-07-14T16:54:45+08:00 ] ::1 /shagalaka/
INFO: [ app_init ] --START--
INFO: Run Behavior\BuildLiteBehavior [ RunTime:0.000024s ]
INFO: [ app_init ] --END-- [ RunTime:0.000332s ]
INFO: [ app_begin ] --START--
INFO: Run Behavior\ReadHtmlCacheBehavior [ RunTime:0.000305s ]
INFO: [ app_begin ] --END-- [ RunTime:0.000337s ]
INFO: [ view_parse ] --START--
INFO: [ template_filter ] --START--
INFO: Run Behavior\ContentReplaceBehavior [ RunTime:0.000024s ]
INFO: [ template_filter ] --END-- [ RunTime:0.000054s ]
INFO: Run Behavior\ParseTemplateBehavior [ RunTime:0.002703s ]
INFO: [ view_parse ] --END-- [ RunTime:0.002735s ]
INFO: [ view_filter ] --START--
INFO: Run Behavior\WriteHtmlCacheBehavior [ RunTime:0.000134s ]
INFO: [ view_filter ] --END-- [ RunTime:0.000156s ]
INFO: [ app_end ] --START--
INFO: Run Behavior\ShowPageTraceBehavior [ RunTime:0.000275s ]
INFO: [ app_end ] --END-- [ RunTime:0.000300s ]

[ 2016-07-14T16:56:31+08:00 ] ::1 /shagalaka/
INFO: [ app_init ] --START--
INFO: Run Behavior\BuildLiteBehavior [ RunTime:0.000009s ]
INFO: [ app_init ] --END-- [ RunTime:0.000235s ]
INFO: [ app_begin ] --START--
INFO: Run Behavior\ReadHtmlCacheBehavior [ RunTime:0.000272s ]
INFO: [ app_begin ] --END-- [ RunTime:0.000303s ]
INFO: [ view_parse ] --START--
INFO: [ template_filter ] --START--
INFO: Run Behavior\ContentReplaceBehavior [ RunTime:0.000027s ]
INFO: [ template_filter ] --END-- [ RunTime:0.000063s ]
INFO: Run Behavior\ParseTemplateBehavior [ RunTime:0.002817s ]
INFO: [ view_parse ] --END-- [ RunTime:0.002849s ]
INFO: [ view_filter ] --START--
INFO: Run Behavior\WriteHtmlCacheBehavior [ RunTime:0.000142s ]
INFO: [ view_filter ] --END-- [ RunTime:0.000162s ]
INFO: [ app_end ] --START--
INFO: Run Behavior\ShowPageTraceBehavior [ RunTime:0.000285s ]
INFO: [ app_end ] --END-- [ RunTime:0.000310s ]

[ 2016-07-14T16:56:32+08:00 ] ::1 /shagalaka/
INFO: [ app_init ] --START--
INFO: Run Behavior\BuildLiteBehavior [ RunTime:0.000010s ]
INFO: [ app_init ] --END-- [ RunTime:0.000259s ]
INFO: [ app_begin ] --START--
INFO: Run Behavior\ReadHtmlCacheBehavior [ RunTime:0.000269s ]
INFO: [ app_begin ] --END-- [ RunTime:0.000301s ]
INFO: [ view_parse ] --START--
INFO: [ template_filter ] --START--
INFO: Run Behavior\ContentReplaceBehavior [ RunTime:0.000089s ]
INFO: [ template_filter ] --END-- [ RunTime:0.000204s ]
INFO: Run Behavior\ParseTemplateBehavior [ RunTime:0.003622s ]
INFO: [ view_parse ] --END-- [ RunTime:0.003659s ]
INFO: [ view_filter ] --START--
INFO: Run Behavior\WriteHtmlCacheBehavior [ RunTime:0.000153s ]
INFO: [ view_filter ] --END-- [ RunTime:0.000175s ]
INFO: [ app_end ] --START--
INFO: Run Behavior\ShowPageTraceBehavior [ RunTime:0.000310s ]
INFO: [ app_end ] --END-- [ RunTime:0.000335s ]

[ 2016-07-14T16:56:32+08:00 ] ::1 /shagalaka/
INFO: [ app_init ] --START--
INFO: Run Behavior\BuildLiteBehavior [ RunTime:0.000012s ]
INFO: [ app_init ] --END-- [ RunTime:0.000245s ]
INFO: [ app_begin ] --START--
INFO: Run Behavior\ReadHtmlCacheBehavior [ RunTime:0.000276s ]
INFO: [ app_begin ] --END-- [ RunTime:0.000307s ]
INFO: [ view_parse ] --START--
INFO: [ template_filter ] --START--
INFO: Run Behavior\ContentReplaceBehavior [ RunTime:0.000022s ]
INFO: [ template_filter ] --END-- [ RunTime:0.000051s ]
INFO: Run Behavior\ParseTemplateBehavior [ RunTime:0.002720s ]
INFO: [ view_parse ] --END-- [ RunTime:0.002752s ]
INFO: [ view_filter ] --START--
INFO: Run Behavior\WriteHtmlCacheBehavior [ RunTime:0.000138s ]
INFO: [ view_filter ] --END-- [ RunTime:0.000159s ]
INFO: [ app_end ] --START--
INFO: Run Behavior\ShowPageTraceBehavior [ RunTime:0.000277s ]
INFO: [ app_end ] --END-- [ RunTime:0.000302s ]

[ 2016-07-14T16:56:33+08:00 ] ::1 /shagalaka/
INFO: [ app_init ] --START--
INFO: Run Behavior\BuildLiteBehavior [ RunTime:0.000010s ]
INFO: [ app_init ] --END-- [ RunTime:0.000243s ]
INFO: [ app_begin ] --START--
INFO: Run Behavior\ReadHtmlCacheBehavior [ RunTime:0.000282s ]
INFO: [ app_begin ] --END-- [ RunTime:0.000313s ]
INFO: [ view_parse ] --START--
INFO: [ template_filter ] --START--
INFO: Run Behavior\ContentReplaceBehavior [ RunTime:0.000084s ]
INFO: [ template_filter ] --END-- [ RunTime:0.000202s ]
INFO: Run Behavior\ParseTemplateBehavior [ RunTime:0.004677s ]
INFO: [ view_parse ] --END-- [ RunTime:0.004782s ]
INFO: [ view_filter ] --START--
INFO: Run Behavior\WriteHtmlCacheBehavior [ RunTime:0.000349s ]
INFO: [ view_filter ] --END-- [ RunTime:0.000394s ]
INFO: [ app_end ] --START--
INFO: Run Behavior\ShowPageTraceBehavior [ RunTime:0.000729s ]
INFO: [ app_end ] --END-- [ RunTime:0.000813s ]

[ 2016-07-14T17:00:02+08:00 ] ::1 /shagalaka/
INFO: [ app_init ] --START--
INFO: Run Behavior\BuildLiteBehavior [ RunTime:0.000009s ]
INFO: [ app_init ] --END-- [ RunTime:0.000281s ]
INFO: [ app_begin ] --START--
INFO: Run Behavior\ReadHtmlCacheBehavior [ RunTime:0.000304s ]
INFO: [ app_begin ] --END-- [ RunTime:0.000337s ]
INFO: [ view_parse ] --START--
INFO: [ template_filter ] --START--
INFO: Run Behavior\ContentReplaceBehavior [ RunTime:0.000040s ]
INFO: [ template_filter ] --END-- [ RunTime:0.000086s ]
INFO: Run Behavior\ParseTemplateBehavior [ RunTime:0.009731s ]
INFO: [ view_parse ] --END-- [ RunTime:0.009764s ]
INFO: [ view_filter ] --START--
INFO: Run Behavior\WriteHtmlCacheBehavior [ RunTime:0.000201s ]
INFO: [ view_filter ] --END-- [ RunTime:0.000225s ]
INFO: [ app_end ] --START--
INFO: Run Behavior\ShowPageTraceBehavior [ RunTime:0.000346s ]
INFO: [ app_end ] --END-- [ RunTime:0.000372s ]

[ 2016-07-14T17:27:29+08:00 ] ::1 /shagalaka/
INFO: [ app_init ] --START--
INFO: Run Behavior\BuildLiteBehavior [ RunTime:0.000008s ]
INFO: [ app_init ] --END-- [ RunTime:0.000281s ]
INFO: [ app_begin ] --START--
INFO: Run Behavior\ReadHtmlCacheBehavior [ RunTime:0.000298s ]
INFO: [ app_begin ] --END-- [ RunTime:0.000333s ]
INFO: [ view_parse ] --START--
INFO: [ template_filter ] --START--
INFO: Run Behavior\ContentReplaceBehavior [ RunTime:0.000033s ]
INFO: [ template_filter ] --END-- [ RunTime:0.000066s ]
INFO: Run Behavior\ParseTemplateBehavior [ RunTime:0.008921s ]
INFO: [ view_parse ] --END-- [ RunTime:0.008953s ]
INFO: [ view_filter ] --START--
INFO: Run Behavior\WriteHtmlCacheBehavior [ RunTime:0.000179s ]
INFO: [ view_filter ] --END-- [ RunTime:0.000202s ]
INFO: [ app_end ] --START--
INFO: Run Behavior\ShowPageTraceBehavior [ RunTime:0.000320s ]
INFO: [ app_end ] --END-- [ RunTime:0.000346s ]

[ 2016-07-14T17:27:29+08:00 ] ::1 /shagalaka/
INFO: [ app_init ] --START--
INFO: Run Behavior\BuildLiteBehavior [ RunTime:0.000009s ]
INFO: [ app_init ] --END-- [ RunTime:0.000225s ]
INFO: [ app_begin ] --START--
INFO: Run Behavior\ReadHtmlCacheBehavior [ RunTime:0.000266s ]
INFO: [ app_begin ] --END-- [ RunTime:0.000297s ]
INFO: [ view_parse ] --START--
INFO: [ template_filter ] --START--
INFO: Run Behavior\ContentReplaceBehavior [ RunTime:0.000059s ]
INFO: [ template_filter ] --END-- [ RunTime:0.000136s ]
INFO: Run Behavior\ParseTemplateBehavior [ RunTime:0.004096s ]
INFO: [ view_parse ] --END-- [ RunTime:0.004128s ]
INFO: [ view_filter ] --START--
INFO: Run Behavior\WriteHtmlCacheBehavior [ RunTime:0.000142s ]
INFO: [ view_filter ] --END-- [ RunTime:0.000164s ]
INFO: [ app_end ] --START--
INFO: Run Behavior\ShowPageTraceBehavior [ RunTime:0.000284s ]
INFO: [ app_end ] --END-- [ RunTime:0.000311s ]

[ 2016-07-14T17:27:30+08:00 ] ::1 /shagalaka/
INFO: [ app_init ] --START--
INFO: Run Behavior\BuildLiteBehavior [ RunTime:0.000007s ]
INFO: [ app_init ] --END-- [ RunTime:0.000226s ]
INFO: [ app_begin ] --START--
INFO: Run Behavior\ReadHtmlCacheBehavior [ RunTime:0.000552s ]
INFO: [ app_begin ] --END-- [ RunTime:0.000607s ]
INFO: [ view_parse ] --START--
INFO: [ template_filter ] --START--
INFO: Run Behavior\ContentReplaceBehavior [ RunTime:0.000029s ]
INFO: [ template_filter ] --END-- [ RunTime:0.000110s ]
INFO: Run Behavior\ParseTemplateBehavior [ RunTime:0.003791s ]
INFO: [ view_parse ] --END-- [ RunTime:0.003834s ]
INFO: [ view_filter ] --START--
INFO: Run Behavior\WriteHtmlCacheBehavior [ RunTime:0.000260s ]
INFO: [ view_filter ] --END-- [ RunTime:0.000286s ]
INFO: [ app_end ] --START--
INFO: Run Behavior\ShowPageTraceBehavior [ RunTime:0.000295s ]
INFO: [ app_end ] --END-- [ RunTime:0.000322s ]

